Dollar	
Euro		
Pound		
Rupee		
Franc		
Ringgit	
Yen		
Yuan 		
Baht		
Forint		
Dirham		
Peso		
Rand		
Krona		
Rupiah		
Riyal		
Real		
Lira		
Shilling	
Won			
Pound		
Dinar		
Krone		
Ruble		
Shekel		
Zloty		
Rial		
Koruna		
Dong		
Hryvnia	
Naira		
Leu			
Taka	
Sol		
Lari	
Bolivar	
Ruble		
Kuna	
Som		
Lev	
Colon	
Cedi	
Kwanza	
fghani	
Lek		
Quetzal	
Rupee		
Kip		
Pula		
Lempira	
Guarani	
Birr		
Kina	
Pataca		
Cordoba	
Tenge		
Balboa		
Marka		
Ariary	
Metical	
Dram	
Manat		
Leone 		
Pa'anga		
Kwacha		
Dalasi		
Gourde		
Rufiyaa	
Tughrik	
Dobra		
Somoni		
Kyat		
Loti		
Som		
Riel		
Denar	
Vatu		
Ouguiya	
Guilder	
Lilangeni	
Escudo		
Ngultrum	
Tala		
Luigino	
Nakfa		
Kwacha		